app/build/intermediates/manifest_merge_blame_file/debug/manifest-merger-blame-debug-report.txt
1<?xml version="1.0" encoding="utf-8"?>
2<manifest xmlns:android="http://schemas.android.com/apk/res/android"
3    package="com.iflytek.mscv5plusdemo"
4    android:versionCode="1"
5    android:versionName="1.0" >
6
7    <uses-sdk
8        android:minSdkVersion="16"
8-->src\main\AndroidManifest.xml
9        android:targetSdkVersion="30" />
9-->src\main\AndroidManifest.xml
10
11    <uses-permission android:name="android.permission.INTERNET" />
11-->src\main\AndroidManifest.xml:7:5-67
11-->src\main\AndroidManifest.xml:7:22-64
12    <uses-permission android:name="android.permission.RECORD_AUDIO" />
12-->src\main\AndroidManifest.xml:8:5-71
12-->src\main\AndroidManifest.xml:8:22-68
13    <uses-permission android:name="android.permission.READ_PHONE_STATE" />
13-->src\main\AndroidManifest.xml:9:5-75
13-->src\main\AndroidManifest.xml:9:22-72
14
15    <application
15-->src\main\AndroidManifest.xml:11:5-56:19
16        android:name="com.iflytek.mscv5plusdemo.SpeechApp"
16-->src\main\AndroidManifest.xml:12:9-34
17        android:appComponentFactory="androidx.core.app.CoreComponentFactory"
17-->[androidx.core:core:1.5.0] AndroidManifest.xml:24:18-86
18        android:debuggable="true"
19        android:icon="@drawable/icon"
19-->src\main\AndroidManifest.xml:13:9-38
20        android:label="讯飞语音示例v5+"
20-->src\main\AndroidManifest.xml:14:9-34
21        android:testOnly="true" >
22        <activity
22-->src\main\AndroidManifest.xml:15:9-26:20
23            android:name="com.iflytek.mscv5plusdemo.MainActivity"
23-->src\main\AndroidManifest.xml:16:13-41
24            android:configChanges="mcc|mnc|locale|touchscreen|keyboard|keyboardHidden|navigation|orientation|screenLayout|fontScale"
24-->src\main\AndroidManifest.xml:17:13-133
25            android:icon="@drawable/icon"
25-->src\main\AndroidManifest.xml:18:13-42
26            android:label="讯飞语音示例v5+"
26-->src\main\AndroidManifest.xml:19:13-38
27            android:screenOrientation="portrait" >
27-->src\main\AndroidManifest.xml:20:13-49
28            <intent-filter>
28-->src\main\AndroidManifest.xml:21:13-25:29
29                <action android:name="android.intent.action.MAIN" />
29-->src\main\AndroidManifest.xml:22:17-69
29-->src\main\AndroidManifest.xml:22:25-66
30
31                <category android:name="android.intent.category.LAUNCHER" />
31-->src\main\AndroidManifest.xml:24:17-77
31-->src\main\AndroidManifest.xml:24:27-74
32            </intent-filter>
33        </activity>
34        <activity android:name="com.iflytek.speech.setting.TtsSettings" />
34-->src\main\AndroidManifest.xml:27:9-75
34-->src\main\AndroidManifest.xml:27:19-72
35        <activity android:name="com.iflytek.speech.setting.IatSettings" />
35-->src\main\AndroidManifest.xml:28:9-75
35-->src\main\AndroidManifest.xml:28:19-72
36        <activity
36-->src\main\AndroidManifest.xml:29:9-32:52
37            android:name="com.iflytek.mscv5plusdemo.IatDemo"
37-->src\main\AndroidManifest.xml:30:13-36
38            android:configChanges="mcc|mnc|locale|touchscreen|keyboard|keyboardHidden|navigation|orientation|screenLayout|fontScale"
38-->src\main\AndroidManifest.xml:31:13-133
39            android:screenOrientation="portrait" />
39-->src\main\AndroidManifest.xml:32:13-49
40        <activity
40-->src\main\AndroidManifest.xml:33:9-36:52
41            android:name="com.iflytek.mscv5plusdemo.AsrDemo"
41-->src\main\AndroidManifest.xml:34:13-36
42            android:configChanges="mcc|mnc|locale|touchscreen|keyboard|keyboardHidden|navigation|orientation|screenLayout|fontScale"
42-->src\main\AndroidManifest.xml:35:13-133
43            android:screenOrientation="portrait" />
43-->src\main\AndroidManifest.xml:36:13-49
44        <activity
44-->src\main\AndroidManifest.xml:37:9-40:52
45            android:name="com.iflytek.mscv5plusdemo.TtsDemo"
45-->src\main\AndroidManifest.xml:38:13-36
46            android:configChanges="mcc|mnc|locale|touchscreen|keyboard|keyboardHidden|navigation|orientation|screenLayout|fontScale"
46-->src\main\AndroidManifest.xml:39:13-133
47            android:screenOrientation="portrait" />
47-->src\main\AndroidManifest.xml:40:13-49
48        <activity
48-->src\main\AndroidManifest.xml:41:9-44:52
49            android:name="com.iflytek.mscv5plusdemo.IvwActivity"
49-->src\main\AndroidManifest.xml:42:13-40
50            android:configChanges="mcc|mnc|locale|touchscreen|keyboard|keyboardHidden|navigation|orientation|screenLayout|fontScale"
50-->src\main\AndroidManifest.xml:43:13-133
51            android:screenOrientation="portrait" />
51-->src\main\AndroidManifest.xml:44:13-49
52        <activity
52-->src\main\AndroidManifest.xml:45:9-48:52
53            android:name="com.iflytek.mscv5plusdemo.WakeDemo"
53-->src\main\AndroidManifest.xml:46:13-37
54            android:configChanges="mcc|mnc|locale|touchscreen|keyboard|keyboardHidden|navigation|orientation|screenLayout|fontScale"
54-->src\main\AndroidManifest.xml:47:13-133
55            android:screenOrientation="portrait" />
55-->src\main\AndroidManifest.xml:48:13-49
56        <activity
56-->src\main\AndroidManifest.xml:49:9-52:52
57            android:name="com.iflytek.mscv5plusdemo.OneShotDemo"
57-->src\main\AndroidManifest.xml:50:13-40
58            android:configChanges="mcc|mnc|locale|touchscreen|keyboard|keyboardHidden|navigation|orientation|screenLayout|fontScale"
58-->src\main\AndroidManifest.xml:51:13-133
59            android:screenOrientation="portrait" />
59-->src\main\AndroidManifest.xml:52:13-49
60        <activity
60-->src\main\AndroidManifest.xml:53:9-55:52
61            android:name="com.iflytek.mscv5plusdemo.MainActivity2"
61-->src\main\AndroidManifest.xml:53:19-48
62            android:configChanges="mcc|mnc|locale|touchscreen|keyboard|keyboardHidden|navigation|orientation|screenLayout|fontScale"
62-->src\main\AndroidManifest.xml:54:13-133
63            android:screenOrientation="portrait" />
63-->src\main\AndroidManifest.xml:55:13-49
64        <activity
64-->[com.blankj:utilcodex:1.30.5] AndroidManifest.xml:10:9-14:75
65            android:name="com.blankj.utilcode.util.UtilsTransActivity4MainProcess"
65-->[com.blankj:utilcodex:1.30.5] AndroidManifest.xml:11:13-83
66            android:configChanges="orientation|keyboardHidden|screenSize"
66-->[com.blankj:utilcodex:1.30.5] AndroidManifest.xml:12:13-74
67            android:theme="@style/ActivityTranslucent"
67-->[com.blankj:utilcodex:1.30.5] AndroidManifest.xml:13:13-55
68            android:windowSoftInputMode="stateHidden|stateAlwaysHidden" />
68-->[com.blankj:utilcodex:1.30.5] AndroidManifest.xml:14:13-72
69        <activity
69-->[com.blankj:utilcodex:1.30.5] AndroidManifest.xml:15:9-20:75
70            android:name="com.blankj.utilcode.util.UtilsTransActivity"
70-->[com.blankj:utilcodex:1.30.5] AndroidManifest.xml:16:13-71
71            android:configChanges="orientation|keyboardHidden|screenSize"
71-->[com.blankj:utilcodex:1.30.5] AndroidManifest.xml:17:13-74
72            android:multiprocess="true"
72-->[com.blankj:utilcodex:1.30.5] AndroidManifest.xml:18:13-40
73            android:theme="@style/ActivityTranslucent"
73-->[com.blankj:utilcodex:1.30.5] AndroidManifest.xml:19:13-55
74            android:windowSoftInputMode="stateHidden|stateAlwaysHidden" />
74-->[com.blankj:utilcodex:1.30.5] AndroidManifest.xml:20:13-72
75
76        <provider
76-->[com.blankj:utilcodex:1.30.5] AndroidManifest.xml:22:9-30:20
77            android:name="com.blankj.utilcode.util.UtilsFileProvider"
77-->[com.blankj:utilcodex:1.30.5] AndroidManifest.xml:23:13-70
78            android:authorities="com.iflytek.mscv5plusdemo.utilcode.provider"
78-->[com.blankj:utilcodex:1.30.5] AndroidManifest.xml:24:13-69
79            android:exported="false"
79-->[com.blankj:utilcodex:1.30.5] AndroidManifest.xml:25:13-37
80            android:grantUriPermissions="true" >
80-->[com.blankj:utilcodex:1.30.5] AndroidManifest.xml:26:13-47
81            <meta-data
81-->[com.blankj:utilcodex:1.30.5] AndroidManifest.xml:27:13-29:68
82                android:name="android.support.FILE_PROVIDER_PATHS"
82-->[com.blankj:utilcodex:1.30.5] AndroidManifest.xml:28:17-67
83                android:resource="@xml/util_code_provider_paths" />
83-->[com.blankj:utilcodex:1.30.5] AndroidManifest.xml:29:17-65
84        </provider>
85
86        <service
86-->[com.blankj:utilcodex:1.30.5] AndroidManifest.xml:32:9-38:19
87            android:name="com.blankj.utilcode.util.MessengerUtils$ServerService"
87-->[com.blankj:utilcodex:1.30.5] AndroidManifest.xml:33:13-81
88            android:exported="false" >
88-->[com.blankj:utilcodex:1.30.5] AndroidManifest.xml:34:13-37
89            <intent-filter>
89-->[com.blankj:utilcodex:1.30.5] AndroidManifest.xml:35:13-37:29
90                <action android:name="com.iflytek.mscv5plusdemo.messenger" />
90-->[com.blankj:utilcodex:1.30.5] AndroidManifest.xml:36:17-69
90-->[com.blankj:utilcodex:1.30.5] AndroidManifest.xml:36:25-66
91            </intent-filter>
92        </service>
93    </application>
94
95</manifest>